

Started GET "/" for ::1 at 2016-04-07 09:54:07 -0400
  [1m[36mActiveRecord::SchemaMigration Load (0.5ms)[0m  [1mSELECT "schema_migrations".* FROM "schema_migrations"[0m
Processing by WelcomeController#index as HTML
  Rendered welcome/index.html.erb within layouts/application (1.1ms)
Completed 200 OK in 479ms (Views: 470.7ms | ActiveRecord: 0.0ms)


Started GET "/assets/app.self-9f9d9516287c710c3efd08ee43c6d028b7e8d884c008d6bbeb9670702960b657.js?body=1" for ::1 at 2016-04-07 09:54:08 -0400


Started GET "/assets/turbolinks.self-c37727e9bd6b2735da5c311aa83fead54ed0be6cc8bd9a65309e9c5abe2cbfff.js?body=1" for ::1 at 2016-04-07 09:54:08 -0400


Started GET "/assets/jquery.self-660adc51e0224b731d29f575a6f1ec167ba08ad06ed5deca4f1e8654c135bf4c.js?body=1" for ::1 at 2016-04-07 09:54:08 -0400


Started GET "/assets/jquery_ujs.self-e87806d0cf4489aeb1bb7288016024e8de67fd18db693fe026fe3907581e53cd.js?body=1" for ::1 at 2016-04-07 09:54:08 -0400


Started GET "/assets/cocoon.self-6874ad698cefd21cc1119b773550f61b5c1a60396460f015222af59293affe80.js?body=1" for ::1 at 2016-04-07 09:54:08 -0400


Started GET "/assets/days/days.factory.self-741d6a281f1f72203419dff3b43dc124e16af992bc72991c2301740c5dcfe013.js?body=1" for ::1 at 2016-04-07 09:54:08 -0400


Started GET "/assets/days.self-93b8955832d82dfa96b3b2b95adb3cf22d8e9e53ce5c855bbb8932030b5006b0.css?body=1" for ::1 at 2016-04-07 09:54:08 -0400


Started GET "/assets/application.self-7862a8a8b42407b4741a1adeeea35f0d13ddc4f702ec532adb0674491d296495.js?body=1" for ::1 at 2016-04-07 09:54:08 -0400


Started GET "/assets/exercises/exercises.self-33c0eb6ae7302794a4979b0071eb3c9efb5dacf3f8b803ea7233067afca9189b.js?body=1" for ::1 at 2016-04-07 09:54:08 -0400


Started GET "/assets/days/days.self-8b8270dc53f764aefc851c65ff4a217756dd114727cce6c4f7697340c343d60c.js?body=1" for ::1 at 2016-04-07 09:54:08 -0400


Started GET "/assets/days/days.controller.self-3545cf40e7843e41e6167d75c446fa942ab4f01e0a110a9c2e8a5f855436a334.js?body=1" for ::1 at 2016-04-07 09:54:08 -0400


Started GET "/assets/exercises/exercises.controller.self-a49a7848b0af15ada7281ae15badec194fb616ff8c7450129f3ad686560e2fdc.js?body=1" for ::1 at 2016-04-07 09:54:08 -0400


Started GET "/assets/exercises/exercises.factory.self-5c11dca16ff5eac5f6a2b2824ec7c5b75aba6daa5a35ed35c35f91a69c81f147.js?body=1" for ::1 at 2016-04-07 09:54:08 -0400


Started GET "/assets/application.self-305314cfdd206eff1288155dc2d820c8de2c644b636ec11b0a3d6c67d14164e5.css?body=1" for ::1 at 2016-04-07 09:54:08 -0400


Started GET "/assets/welcome.self-2d79a16bb0c9557f7e9808f869f5ebf57cc8c77f1bbdf6b6ecf3f67ffaffd5be.css?body=1" for ::1 at 2016-04-07 09:54:08 -0400


Started GET "/assets/belly.jpg" for ::1 at 2016-04-07 09:54:08 -0400


Started GET "/exercises.json" for ::1 at 2016-04-07 09:54:08 -0400
Processing by ExercisesController#index as JSON
  [1m[35mExercise Load (1.9ms)[0m  SELECT "exercises".* FROM "exercises"  ORDER BY updated_at DESC
Completed 200 OK in 29ms (Views: 15.0ms | ActiveRecord: 7.0ms)


Started GET "/days.json" for ::1 at 2016-04-07 09:54:08 -0400
Processing by DaysController#index as JSON
  [1m[36mDay Load (3.0ms)[0m  [1mSELECT "days".* FROM "days"[0m
Completed 200 OK in 17ms (Views: 8.0ms | ActiveRecord: 5.3ms)


Started GET "/" for ::1 at 2016-04-07 09:56:36 -0400
Processing by WelcomeController#index as HTML
  Rendered welcome/index.html.erb within layouts/application (0.0ms)
Completed 200 OK in 27ms (Views: 26.0ms | ActiveRecord: 0.0ms)


Started GET "/assets/jquery.self-660adc51e0224b731d29f575a6f1ec167ba08ad06ed5deca4f1e8654c135bf4c.js?body=1" for ::1 at 2016-04-07 09:56:36 -0400


Started GET "/assets/app.self-9f9d9516287c710c3efd08ee43c6d028b7e8d884c008d6bbeb9670702960b657.js?body=1" for ::1 at 2016-04-07 09:56:36 -0400


Started GET "/assets/jquery_ujs.self-e87806d0cf4489aeb1bb7288016024e8de67fd18db693fe026fe3907581e53cd.js?body=1" for ::1 at 2016-04-07 09:56:36 -0400


Started GET "/assets/cocoon.self-6874ad698cefd21cc1119b773550f61b5c1a60396460f015222af59293affe80.js?body=1" for ::1 at 2016-04-07 09:56:36 -0400


Started GET "/assets/turbolinks.self-c37727e9bd6b2735da5c311aa83fead54ed0be6cc8bd9a65309e9c5abe2cbfff.js?body=1" for ::1 at 2016-04-07 09:56:36 -0400


Started GET "/assets/application.self-7862a8a8b42407b4741a1adeeea35f0d13ddc4f702ec532adb0674491d296495.js?body=1" for ::1 at 2016-04-07 09:56:36 -0400


Started GET "/assets/exercises/exercises.self-33c0eb6ae7302794a4979b0071eb3c9efb5dacf3f8b803ea7233067afca9189b.js?body=1" for ::1 at 2016-04-07 09:56:36 -0400


Started GET "/assets/exercises/exercises.controller.self-a49a7848b0af15ada7281ae15badec194fb616ff8c7450129f3ad686560e2fdc.js?body=1" for ::1 at 2016-04-07 09:56:36 -0400


Started GET "/assets/exercises/exercises.factory.self-5c11dca16ff5eac5f6a2b2824ec7c5b75aba6daa5a35ed35c35f91a69c81f147.js?body=1" for ::1 at 2016-04-07 09:56:36 -0400


Started GET "/assets/days/days.self-8b8270dc53f764aefc851c65ff4a217756dd114727cce6c4f7697340c343d60c.js?body=1" for ::1 at 2016-04-07 09:56:36 -0400


Started GET "/assets/days/days.factory.self-741d6a281f1f72203419dff3b43dc124e16af992bc72991c2301740c5dcfe013.js?body=1" for ::1 at 2016-04-07 09:56:36 -0400


Started GET "/assets/days/days.controller.self-3545cf40e7843e41e6167d75c446fa942ab4f01e0a110a9c2e8a5f855436a334.js?body=1" for ::1 at 2016-04-07 09:56:36 -0400


Started GET "/assets/days.self-93b8955832d82dfa96b3b2b95adb3cf22d8e9e53ce5c855bbb8932030b5006b0.css?body=1" for ::1 at 2016-04-07 09:56:36 -0400


Started GET "/assets/application.self-305314cfdd206eff1288155dc2d820c8de2c644b636ec11b0a3d6c67d14164e5.css?body=1" for ::1 at 2016-04-07 09:56:36 -0400


Started GET "/assets/welcome.self-2d79a16bb0c9557f7e9808f869f5ebf57cc8c77f1bbdf6b6ecf3f67ffaffd5be.css?body=1" for ::1 at 2016-04-07 09:56:36 -0400


Started GET "/assets/belly.jpg" for ::1 at 2016-04-07 09:56:36 -0400


Started GET "/exercises.json" for ::1 at 2016-04-07 09:56:36 -0400
Processing by ExercisesController#index as JSON
  [1m[35mExercise Load (0.7ms)[0m  SELECT "exercises".* FROM "exercises"  ORDER BY updated_at DESC
Completed 200 OK in 13ms (Views: 11.6ms | ActiveRecord: 0.7ms)


Started GET "/days.json" for ::1 at 2016-04-07 09:56:36 -0400
Processing by DaysController#index as JSON
  [1m[36mDay Load (0.6ms)[0m  [1mSELECT "days".* FROM "days"[0m
Completed 200 OK in 5ms (Views: 3.6ms | ActiveRecord: 0.6ms)


Started GET "/days.json" for ::1 at 2016-04-07 09:57:07 -0400
Processing by DaysController#index as JSON
  [1m[35mDay Load (0.5ms)[0m  SELECT "days".* FROM "days"
Completed 200 OK in 6ms (Views: 3.3ms | ActiveRecord: 0.5ms)


Started GET "/" for ::1 at 2016-04-07 09:57:08 -0400
Processing by WelcomeController#index as HTML
  Rendered welcome/index.html.erb within layouts/application (0.4ms)
Completed 200 OK in 61ms (Views: 59.5ms | ActiveRecord: 0.0ms)


Started GET "/days.json" for ::1 at 2016-04-07 09:57:11 -0400
Processing by DaysController#index as JSON
  [1m[36mDay Load (0.4ms)[0m  [1mSELECT "days".* FROM "days"[0m
Completed 200 OK in 3ms (Views: 2.2ms | ActiveRecord: 0.4ms)


Started GET "/3/" for ::1 at 2016-04-07 09:57:22 -0400

ActionController::RoutingError (No route matches [GET] "/3"):
  actionpack (4.2.4) lib/action_dispatch/middleware/debug_exceptions.rb:21:in `call'
  web-console (2.3.0) lib/web_console/middleware.rb:28:in `block in call'
  web-console (2.3.0) lib/web_console/middleware.rb:18:in `catch'
  web-console (2.3.0) lib/web_console/middleware.rb:18:in `call'
  actionpack (4.2.4) lib/action_dispatch/middleware/show_exceptions.rb:30:in `call'
  railties (4.2.4) lib/rails/rack/logger.rb:38:in `call_app'
  railties (4.2.4) lib/rails/rack/logger.rb:20:in `block in call'
  activesupport (4.2.4) lib/active_support/tagged_logging.rb:68:in `block in tagged'
  activesupport (4.2.4) lib/active_support/tagged_logging.rb:26:in `tagged'
  activesupport (4.2.4) lib/active_support/tagged_logging.rb:68:in `tagged'
  railties (4.2.4) lib/rails/rack/logger.rb:20:in `call'
  actionpack (4.2.4) lib/action_dispatch/middleware/request_id.rb:21:in `call'
  rack (1.6.4) lib/rack/methodoverride.rb:22:in `call'
  rack (1.6.4) lib/rack/runtime.rb:18:in `call'
  activesupport (4.2.4) lib/active_support/cache/strategy/local_cache_middleware.rb:28:in `call'
  rack (1.6.4) lib/rack/lock.rb:17:in `call'
  actionpack (4.2.4) lib/action_dispatch/middleware/static.rb:116:in `call'
  rack (1.6.4) lib/rack/sendfile.rb:113:in `call'
  railties (4.2.4) lib/rails/engine.rb:518:in `call'
  railties (4.2.4) lib/rails/application.rb:165:in `call'
  rack (1.6.4) lib/rack/lock.rb:17:in `call'
  rack (1.6.4) lib/rack/content_length.rb:15:in `call'
  rack (1.6.4) lib/rack/handler/webrick.rb:88:in `service'
  /Users/iWyatt/.rvm/rubies/ruby-2.2.3/lib/ruby/2.2.0/webrick/httpserver.rb:138:in `service'
  /Users/iWyatt/.rvm/rubies/ruby-2.2.3/lib/ruby/2.2.0/webrick/httpserver.rb:94:in `run'
  /Users/iWyatt/.rvm/rubies/ruby-2.2.3/lib/ruby/2.2.0/webrick/server.rb:294:in `block in start_thread'


  Rendered /Users/iWyatt/.rvm/gems/ruby-2.2.3/gems/actionpack-4.2.4/lib/action_dispatch/middleware/templates/rescues/_trace.html.erb (1.9ms)
  Rendered /Users/iWyatt/.rvm/gems/ruby-2.2.3/gems/actionpack-4.2.4/lib/action_dispatch/middleware/templates/routes/_route.html.erb (4.5ms)
  Rendered /Users/iWyatt/.rvm/gems/ruby-2.2.3/gems/actionpack-4.2.4/lib/action_dispatch/middleware/templates/routes/_table.html.erb (7.4ms)
  Rendered /Users/iWyatt/.rvm/gems/ruby-2.2.3/gems/actionpack-4.2.4/lib/action_dispatch/middleware/templates/rescues/_request_and_response.html.erb (1.2ms)
  Rendered /Users/iWyatt/.rvm/gems/ruby-2.2.3/gems/actionpack-4.2.4/lib/action_dispatch/middleware/templates/rescues/routing_error.html.erb within rescues/layout (90.8ms)
  Rendered /Users/iWyatt/.rvm/gems/ruby-2.2.3/gems/web-console-2.3.0/lib/web_console/templates/_markup.html.erb (0.3ms)
  Rendered /Users/iWyatt/.rvm/gems/ruby-2.2.3/gems/web-console-2.3.0/lib/web_console/templates/_inner_console_markup.html.erb within layouts/inlined_string (0.3ms)
  Rendered /Users/iWyatt/.rvm/gems/ruby-2.2.3/gems/web-console-2.3.0/lib/web_console/templates/_prompt_box_markup.html.erb within layouts/inlined_string (0.2ms)
  Rendered /Users/iWyatt/.rvm/gems/ruby-2.2.3/gems/web-console-2.3.0/lib/web_console/templates/style.css.erb within layouts/inlined_string (0.3ms)
  Rendered /Users/iWyatt/.rvm/gems/ruby-2.2.3/gems/web-console-2.3.0/lib/web_console/templates/console.js.erb within layouts/javascript (55.2ms)
  Rendered /Users/iWyatt/.rvm/gems/ruby-2.2.3/gems/web-console-2.3.0/lib/web_console/templates/main.js.erb within layouts/javascript (0.3ms)
  Rendered /Users/iWyatt/.rvm/gems/ruby-2.2.3/gems/web-console-2.3.0/lib/web_console/templates/error_page.js.erb within layouts/javascript (0.3ms)
  Rendered /Users/iWyatt/.rvm/gems/ruby-2.2.3/gems/web-console-2.3.0/lib/web_console/templates/index.html.erb (106.3ms)


Started GET "/" for ::1 at 2016-04-07 09:57:28 -0400
Processing by WelcomeController#index as HTML
  Rendered welcome/index.html.erb within layouts/application (0.1ms)
Completed 200 OK in 24ms (Views: 23.2ms | ActiveRecord: 0.0ms)


Started GET "/days.json" for ::1 at 2016-04-07 09:57:30 -0400
Processing by DaysController#index as JSON
  [1m[35mDay Load (0.4ms)[0m  SELECT "days".* FROM "days"
Completed 200 OK in 4ms (Views: 2.3ms | ActiveRecord: 0.4ms)


Started GET "/exercises.json" for ::1 at 2016-04-07 09:57:39 -0400
Processing by ExercisesController#index as JSON
  [1m[36mExercise Load (0.6ms)[0m  [1mSELECT "exercises".* FROM "exercises"  ORDER BY updated_at DESC[0m
Completed 200 OK in 8ms (Views: 6.9ms | ActiveRecord: 0.6ms)


Started GET "/days.json" for ::1 at 2016-04-07 09:57:39 -0400
Processing by DaysController#index as JSON
  [1m[35mDay Load (1.5ms)[0m  SELECT "days".* FROM "days"
Completed 200 OK in 6ms (Views: 3.2ms | ActiveRecord: 1.5ms)


Started GET "/" for ::1 at 2016-04-07 10:10:16 -0400
Processing by WelcomeController#index as HTML
  Rendered welcome/index.html.erb within layouts/application (0.1ms)
Completed 200 OK in 57ms (Views: 55.2ms | ActiveRecord: 0.0ms)


Started GET "/assets/app.self-9f9d9516287c710c3efd08ee43c6d028b7e8d884c008d6bbeb9670702960b657.js?body=1" for ::1 at 2016-04-07 10:10:16 -0400


Started GET "/assets/cocoon.self-6874ad698cefd21cc1119b773550f61b5c1a60396460f015222af59293affe80.js?body=1" for ::1 at 2016-04-07 10:10:16 -0400


Started GET "/assets/jquery.self-660adc51e0224b731d29f575a6f1ec167ba08ad06ed5deca4f1e8654c135bf4c.js?body=1" for ::1 at 2016-04-07 10:10:16 -0400


Started GET "/assets/application.self-7862a8a8b42407b4741a1adeeea35f0d13ddc4f702ec532adb0674491d296495.js?body=1" for ::1 at 2016-04-07 10:10:16 -0400


Started GET "/assets/turbolinks.self-c37727e9bd6b2735da5c311aa83fead54ed0be6cc8bd9a65309e9c5abe2cbfff.js?body=1" for ::1 at 2016-04-07 10:10:16 -0400


Started GET "/assets/jquery_ujs.self-e87806d0cf4489aeb1bb7288016024e8de67fd18db693fe026fe3907581e53cd.js?body=1" for ::1 at 2016-04-07 10:10:16 -0400


Started GET "/assets/application.self-305314cfdd206eff1288155dc2d820c8de2c644b636ec11b0a3d6c67d14164e5.css?body=1" for ::1 at 2016-04-07 10:10:16 -0400


Started GET "/assets/welcome.self-2d79a16bb0c9557f7e9808f869f5ebf57cc8c77f1bbdf6b6ecf3f67ffaffd5be.css?body=1" for ::1 at 2016-04-07 10:10:16 -0400


Started GET "/assets/days.self-93b8955832d82dfa96b3b2b95adb3cf22d8e9e53ce5c855bbb8932030b5006b0.css?body=1" for ::1 at 2016-04-07 10:10:16 -0400


Started GET "/assets/exercises/exercises.self-33c0eb6ae7302794a4979b0071eb3c9efb5dacf3f8b803ea7233067afca9189b.js?body=1" for ::1 at 2016-04-07 10:10:16 -0400


Started GET "/assets/exercises/exercises.controller.self-13161386690df38463d783423bb8f6611aa9b5fff5a31b1e7011f0e990d1ace5.js?body=1" for ::1 at 2016-04-07 10:10:16 -0400


Started GET "/assets/days/days.self-8b8270dc53f764aefc851c65ff4a217756dd114727cce6c4f7697340c343d60c.js?body=1" for ::1 at 2016-04-07 10:10:16 -0400


Started GET "/assets/days/days.factory.self-741d6a281f1f72203419dff3b43dc124e16af992bc72991c2301740c5dcfe013.js?body=1" for ::1 at 2016-04-07 10:10:16 -0400


Started GET "/assets/days/days.controller.self-3545cf40e7843e41e6167d75c446fa942ab4f01e0a110a9c2e8a5f855436a334.js?body=1" for ::1 at 2016-04-07 10:10:16 -0400


Started GET "/assets/exercises/exercises.factory.self-5c11dca16ff5eac5f6a2b2824ec7c5b75aba6daa5a35ed35c35f91a69c81f147.js?body=1" for ::1 at 2016-04-07 10:10:16 -0400


Started GET "/assets/belly.jpg" for ::1 at 2016-04-07 10:10:17 -0400


Started GET "/exercises.json" for ::1 at 2016-04-07 10:10:17 -0400
Processing by ExercisesController#index as JSON
  [1m[36mExercise Load (1.1ms)[0m  [1mSELECT "exercises".* FROM "exercises"  ORDER BY updated_at DESC[0m
Completed 200 OK in 10ms (Views: 7.4ms | ActiveRecord: 1.1ms)


Started GET "/days.json" for ::1 at 2016-04-07 10:10:17 -0400
Processing by DaysController#index as JSON
  [1m[35mDay Load (7.4ms)[0m  SELECT "days".* FROM "days"
Completed 200 OK in 12ms (Views: 3.3ms | ActiveRecord: 7.4ms)


Started GET "/" for ::1 at 2016-04-07 10:11:43 -0400
Processing by WelcomeController#index as HTML
  Rendered welcome/index.html.erb within layouts/application (0.0ms)
Completed 200 OK in 27ms (Views: 26.2ms | ActiveRecord: 0.0ms)


Started GET "/assets/app.self-9f9d9516287c710c3efd08ee43c6d028b7e8d884c008d6bbeb9670702960b657.js?body=1" for ::1 at 2016-04-07 10:11:43 -0400


Started GET "/assets/jquery.self-660adc51e0224b731d29f575a6f1ec167ba08ad06ed5deca4f1e8654c135bf4c.js?body=1" for ::1 at 2016-04-07 10:11:43 -0400


Started GET "/assets/cocoon.self-6874ad698cefd21cc1119b773550f61b5c1a60396460f015222af59293affe80.js?body=1" for ::1 at 2016-04-07 10:11:43 -0400


Started GET "/assets/jquery_ujs.self-e87806d0cf4489aeb1bb7288016024e8de67fd18db693fe026fe3907581e53cd.js?body=1" for ::1 at 2016-04-07 10:11:43 -0400


Started GET "/assets/turbolinks.self-c37727e9bd6b2735da5c311aa83fead54ed0be6cc8bd9a65309e9c5abe2cbfff.js?body=1" for ::1 at 2016-04-07 10:11:43 -0400


Started GET "/assets/application.self-7862a8a8b42407b4741a1adeeea35f0d13ddc4f702ec532adb0674491d296495.js?body=1" for ::1 at 2016-04-07 10:11:43 -0400


Started GET "/assets/application.self-305314cfdd206eff1288155dc2d820c8de2c644b636ec11b0a3d6c67d14164e5.css?body=1" for ::1 at 2016-04-07 10:11:43 -0400


Started GET "/assets/welcome.self-2d79a16bb0c9557f7e9808f869f5ebf57cc8c77f1bbdf6b6ecf3f67ffaffd5be.css?body=1" for ::1 at 2016-04-07 10:11:43 -0400


Started GET "/assets/days.self-93b8955832d82dfa96b3b2b95adb3cf22d8e9e53ce5c855bbb8932030b5006b0.css?body=1" for ::1 at 2016-04-07 10:11:43 -0400


Started GET "/assets/exercises/exercises.self-33c0eb6ae7302794a4979b0071eb3c9efb5dacf3f8b803ea7233067afca9189b.js?body=1" for ::1 at 2016-04-07 10:11:43 -0400


Started GET "/assets/exercises/exercises.controller.self-13161386690df38463d783423bb8f6611aa9b5fff5a31b1e7011f0e990d1ace5.js?body=1" for ::1 at 2016-04-07 10:11:43 -0400


Started GET "/assets/exercises/exercises.factory.self-5c11dca16ff5eac5f6a2b2824ec7c5b75aba6daa5a35ed35c35f91a69c81f147.js?body=1" for ::1 at 2016-04-07 10:11:43 -0400


Started GET "/assets/days/days.self-8b8270dc53f764aefc851c65ff4a217756dd114727cce6c4f7697340c343d60c.js?body=1" for ::1 at 2016-04-07 10:11:44 -0400


Started GET "/assets/days/days.factory.self-741d6a281f1f72203419dff3b43dc124e16af992bc72991c2301740c5dcfe013.js?body=1" for ::1 at 2016-04-07 10:11:44 -0400


Started GET "/assets/days/days.controller.self-3545cf40e7843e41e6167d75c446fa942ab4f01e0a110a9c2e8a5f855436a334.js?body=1" for ::1 at 2016-04-07 10:11:44 -0400


Started GET "/assets/belly.jpg" for ::1 at 2016-04-07 10:11:44 -0400


Started GET "/exercises.json" for ::1 at 2016-04-07 10:11:44 -0400
Processing by ExercisesController#index as JSON
  [1m[36mExercise Load (1.3ms)[0m  [1mSELECT "exercises".* FROM "exercises"  ORDER BY updated_at DESC[0m
Completed 200 OK in 11ms (Views: 7.9ms | ActiveRecord: 1.3ms)


Started GET "/days.json" for ::1 at 2016-04-07 10:11:44 -0400
Processing by DaysController#index as JSON
  [1m[35mDay Load (2.4ms)[0m  SELECT "days".* FROM "days"
Completed 200 OK in 7ms (Views: 3.2ms | ActiveRecord: 2.4ms)


Started GET "/" for ::1 at 2016-04-07 10:14:49 -0400
Processing by WelcomeController#index as HTML
  Rendered welcome/index.html.erb within layouts/application (0.1ms)
Completed 200 OK in 41ms (Views: 40.9ms | ActiveRecord: 0.0ms)


Started GET "/assets/app.self-9f9d9516287c710c3efd08ee43c6d028b7e8d884c008d6bbeb9670702960b657.js?body=1" for ::1 at 2016-04-07 10:14:50 -0400


Started GET "/assets/jquery.self-660adc51e0224b731d29f575a6f1ec167ba08ad06ed5deca4f1e8654c135bf4c.js?body=1" for ::1 at 2016-04-07 10:14:50 -0400


Started GET "/assets/application.self-7862a8a8b42407b4741a1adeeea35f0d13ddc4f702ec532adb0674491d296495.js?body=1" for ::1 at 2016-04-07 10:14:50 -0400


Started GET "/assets/cocoon.self-6874ad698cefd21cc1119b773550f61b5c1a60396460f015222af59293affe80.js?body=1" for ::1 at 2016-04-07 10:14:50 -0400


Started GET "/assets/turbolinks.self-c37727e9bd6b2735da5c311aa83fead54ed0be6cc8bd9a65309e9c5abe2cbfff.js?body=1" for ::1 at 2016-04-07 10:14:50 -0400


Started GET "/assets/jquery_ujs.self-e87806d0cf4489aeb1bb7288016024e8de67fd18db693fe026fe3907581e53cd.js?body=1" for ::1 at 2016-04-07 10:14:50 -0400


Started GET "/assets/application.self-305314cfdd206eff1288155dc2d820c8de2c644b636ec11b0a3d6c67d14164e5.css?body=1" for ::1 at 2016-04-07 10:14:50 -0400


Started GET "/assets/welcome.self-2d79a16bb0c9557f7e9808f869f5ebf57cc8c77f1bbdf6b6ecf3f67ffaffd5be.css?body=1" for ::1 at 2016-04-07 10:14:50 -0400


Started GET "/assets/days.self-93b8955832d82dfa96b3b2b95adb3cf22d8e9e53ce5c855bbb8932030b5006b0.css?body=1" for ::1 at 2016-04-07 10:14:50 -0400


Started GET "/assets/exercises/exercises.self-33c0eb6ae7302794a4979b0071eb3c9efb5dacf3f8b803ea7233067afca9189b.js?body=1" for ::1 at 2016-04-07 10:14:50 -0400


Started GET "/assets/exercises/exercises.controller.self-809e2df0ddf8de6016d21f8fbf42f560884f24655e9173253db4e8f6633cb97f.js?body=1" for ::1 at 2016-04-07 10:14:50 -0400


Started GET "/assets/days/days.self-8b8270dc53f764aefc851c65ff4a217756dd114727cce6c4f7697340c343d60c.js?body=1" for ::1 at 2016-04-07 10:14:50 -0400


Started GET "/assets/days/days.factory.self-741d6a281f1f72203419dff3b43dc124e16af992bc72991c2301740c5dcfe013.js?body=1" for ::1 at 2016-04-07 10:14:50 -0400


Started GET "/assets/days/days.controller.self-3545cf40e7843e41e6167d75c446fa942ab4f01e0a110a9c2e8a5f855436a334.js?body=1" for ::1 at 2016-04-07 10:14:50 -0400


Started GET "/assets/exercises/exercises.factory.self-5c11dca16ff5eac5f6a2b2824ec7c5b75aba6daa5a35ed35c35f91a69c81f147.js?body=1" for ::1 at 2016-04-07 10:14:50 -0400


Started GET "/assets/belly.jpg" for ::1 at 2016-04-07 10:14:50 -0400


Started GET "/exercises.json" for ::1 at 2016-04-07 10:14:50 -0400
Processing by ExercisesController#index as JSON
  [1m[36mExercise Load (0.6ms)[0m  [1mSELECT "exercises".* FROM "exercises"  ORDER BY updated_at DESC[0m
Completed 200 OK in 8ms (Views: 6.2ms | ActiveRecord: 0.6ms)


Started GET "/days.json" for ::1 at 2016-04-07 10:14:50 -0400
Processing by DaysController#index as JSON
  [1m[35mDay Load (0.9ms)[0m  SELECT "days".* FROM "days"
Completed 200 OK in 5ms (Views: 3.6ms | ActiveRecord: 0.9ms)


Started GET "/" for ::1 at 2016-04-07 10:16:57 -0400
Processing by WelcomeController#index as HTML
  Rendered welcome/index.html.erb within layouts/application (0.0ms)
Completed 200 OK in 49ms (Views: 48.1ms | ActiveRecord: 0.0ms)


Started GET "/assets/app.self-9f9d9516287c710c3efd08ee43c6d028b7e8d884c008d6bbeb9670702960b657.js?body=1" for ::1 at 2016-04-07 10:16:57 -0400


Started GET "/assets/cocoon.self-6874ad698cefd21cc1119b773550f61b5c1a60396460f015222af59293affe80.js?body=1" for ::1 at 2016-04-07 10:16:57 -0400


Started GET "/assets/jquery_ujs.self-e87806d0cf4489aeb1bb7288016024e8de67fd18db693fe026fe3907581e53cd.js?body=1" for ::1 at 2016-04-07 10:16:57 -0400


Started GET "/assets/application.self-7862a8a8b42407b4741a1adeeea35f0d13ddc4f702ec532adb0674491d296495.js?body=1" for ::1 at 2016-04-07 10:16:57 -0400


Started GET "/assets/jquery.self-660adc51e0224b731d29f575a6f1ec167ba08ad06ed5deca4f1e8654c135bf4c.js?body=1" for ::1 at 2016-04-07 10:16:57 -0400


Started GET "/assets/turbolinks.self-c37727e9bd6b2735da5c311aa83fead54ed0be6cc8bd9a65309e9c5abe2cbfff.js?body=1" for ::1 at 2016-04-07 10:16:57 -0400


Started GET "/assets/application.self-305314cfdd206eff1288155dc2d820c8de2c644b636ec11b0a3d6c67d14164e5.css?body=1" for ::1 at 2016-04-07 10:16:57 -0400


Started GET "/assets/welcome.self-2d79a16bb0c9557f7e9808f869f5ebf57cc8c77f1bbdf6b6ecf3f67ffaffd5be.css?body=1" for ::1 at 2016-04-07 10:16:57 -0400


Started GET "/assets/days.self-93b8955832d82dfa96b3b2b95adb3cf22d8e9e53ce5c855bbb8932030b5006b0.css?body=1" for ::1 at 2016-04-07 10:16:57 -0400


Started GET "/assets/exercises/exercises.self-33c0eb6ae7302794a4979b0071eb3c9efb5dacf3f8b803ea7233067afca9189b.js?body=1" for ::1 at 2016-04-07 10:16:57 -0400


Started GET "/assets/exercises/exercises.controller.self-af400e61fe1ecf5d33e705fa6f758a0b36b8c7f777f8de34a76f5d57ad49397b.js?body=1" for ::1 at 2016-04-07 10:16:57 -0400


Started GET "/assets/exercises/exercises.factory.self-5c11dca16ff5eac5f6a2b2824ec7c5b75aba6daa5a35ed35c35f91a69c81f147.js?body=1" for ::1 at 2016-04-07 10:16:57 -0400


Started GET "/assets/days/days.self-8b8270dc53f764aefc851c65ff4a217756dd114727cce6c4f7697340c343d60c.js?body=1" for ::1 at 2016-04-07 10:16:57 -0400


Started GET "/assets/days/days.factory.self-741d6a281f1f72203419dff3b43dc124e16af992bc72991c2301740c5dcfe013.js?body=1" for ::1 at 2016-04-07 10:16:57 -0400


Started GET "/assets/days/days.controller.self-3545cf40e7843e41e6167d75c446fa942ab4f01e0a110a9c2e8a5f855436a334.js?body=1" for ::1 at 2016-04-07 10:16:57 -0400


Started GET "/assets/belly.jpg" for ::1 at 2016-04-07 10:16:58 -0400


Started GET "/exercises.json" for ::1 at 2016-04-07 10:16:58 -0400
Processing by ExercisesController#index as JSON
  [1m[36mExercise Load (0.9ms)[0m  [1mSELECT "exercises".* FROM "exercises"  ORDER BY updated_at DESC[0m
Completed 200 OK in 8ms (Views: 5.1ms | ActiveRecord: 0.9ms)


Started GET "/days.json" for ::1 at 2016-04-07 10:16:58 -0400
Processing by DaysController#index as JSON
  [1m[35mDay Load (0.4ms)[0m  SELECT "days".* FROM "days"
Completed 200 OK in 4ms (Views: 2.5ms | ActiveRecord: 0.4ms)


Started GET "/" for ::1 at 2016-04-07 10:17:22 -0400
Processing by WelcomeController#index as HTML
  Rendered welcome/index.html.erb within layouts/application (0.1ms)
Completed 200 OK in 30ms (Views: 29.4ms | ActiveRecord: 0.0ms)


Started GET "/assets/app.self-9f9d9516287c710c3efd08ee43c6d028b7e8d884c008d6bbeb9670702960b657.js?body=1" for ::1 at 2016-04-07 10:17:22 -0400


Started GET "/assets/jquery.self-660adc51e0224b731d29f575a6f1ec167ba08ad06ed5deca4f1e8654c135bf4c.js?body=1" for ::1 at 2016-04-07 10:17:22 -0400


Started GET "/assets/turbolinks.self-c37727e9bd6b2735da5c311aa83fead54ed0be6cc8bd9a65309e9c5abe2cbfff.js?body=1" for ::1 at 2016-04-07 10:17:22 -0400


Started GET "/assets/cocoon.self-6874ad698cefd21cc1119b773550f61b5c1a60396460f015222af59293affe80.js?body=1" for ::1 at 2016-04-07 10:17:22 -0400


Started GET "/assets/jquery_ujs.self-e87806d0cf4489aeb1bb7288016024e8de67fd18db693fe026fe3907581e53cd.js?body=1" for ::1 at 2016-04-07 10:17:22 -0400


Started GET "/assets/application.self-7862a8a8b42407b4741a1adeeea35f0d13ddc4f702ec532adb0674491d296495.js?body=1" for ::1 at 2016-04-07 10:17:22 -0400


Started GET "/assets/application.self-305314cfdd206eff1288155dc2d820c8de2c644b636ec11b0a3d6c67d14164e5.css?body=1" for ::1 at 2016-04-07 10:17:22 -0400


Started GET "/assets/welcome.self-2d79a16bb0c9557f7e9808f869f5ebf57cc8c77f1bbdf6b6ecf3f67ffaffd5be.css?body=1" for ::1 at 2016-04-07 10:17:22 -0400


Started GET "/assets/days.self-93b8955832d82dfa96b3b2b95adb3cf22d8e9e53ce5c855bbb8932030b5006b0.css?body=1" for ::1 at 2016-04-07 10:17:22 -0400


Started GET "/assets/exercises/exercises.self-33c0eb6ae7302794a4979b0071eb3c9efb5dacf3f8b803ea7233067afca9189b.js?body=1" for ::1 at 2016-04-07 10:17:22 -0400


Started GET "/assets/exercises/exercises.controller.self-af400e61fe1ecf5d33e705fa6f758a0b36b8c7f777f8de34a76f5d57ad49397b.js?body=1" for ::1 at 2016-04-07 10:17:22 -0400


Started GET "/assets/exercises/exercises.factory.self-5c11dca16ff5eac5f6a2b2824ec7c5b75aba6daa5a35ed35c35f91a69c81f147.js?body=1" for ::1 at 2016-04-07 10:17:22 -0400


Started GET "/assets/days/days.self-8b8270dc53f764aefc851c65ff4a217756dd114727cce6c4f7697340c343d60c.js?body=1" for ::1 at 2016-04-07 10:17:22 -0400


Started GET "/assets/days/days.controller.self-3545cf40e7843e41e6167d75c446fa942ab4f01e0a110a9c2e8a5f855436a334.js?body=1" for ::1 at 2016-04-07 10:17:22 -0400


Started GET "/assets/days/days.factory.self-741d6a281f1f72203419dff3b43dc124e16af992bc72991c2301740c5dcfe013.js?body=1" for ::1 at 2016-04-07 10:17:22 -0400


Started GET "/assets/belly.jpg" for ::1 at 2016-04-07 10:17:23 -0400


Started GET "/exercises.json" for ::1 at 2016-04-07 10:17:23 -0400
Processing by ExercisesController#index as JSON
  [1m[36mExercise Load (1.7ms)[0m  [1mSELECT "exercises".* FROM "exercises"  ORDER BY updated_at DESC[0m
Completed 200 OK in 9ms (Views: 6.7ms | ActiveRecord: 1.7ms)


Started GET "/days.json" for ::1 at 2016-04-07 10:17:23 -0400
Processing by DaysController#index as JSON
  [1m[35mDay Load (3.7ms)[0m  SELECT "days".* FROM "days"
Completed 200 OK in 8ms (Views: 3.6ms | ActiveRecord: 3.7ms)


Started GET "/" for ::1 at 2016-04-07 10:20:37 -0400
Processing by WelcomeController#index as HTML
  Rendered welcome/index.html.erb within layouts/application (0.0ms)
Completed 200 OK in 47ms (Views: 45.8ms | ActiveRecord: 0.0ms)


Started GET "/assets/jquery.self-660adc51e0224b731d29f575a6f1ec167ba08ad06ed5deca4f1e8654c135bf4c.js?body=1" for ::1 at 2016-04-07 10:20:37 -0400


Started GET "/assets/app.self-9f9d9516287c710c3efd08ee43c6d028b7e8d884c008d6bbeb9670702960b657.js?body=1" for ::1 at 2016-04-07 10:20:37 -0400


Started GET "/assets/cocoon.self-6874ad698cefd21cc1119b773550f61b5c1a60396460f015222af59293affe80.js?body=1" for ::1 at 2016-04-07 10:20:37 -0400


Started GET "/assets/turbolinks.self-c37727e9bd6b2735da5c311aa83fead54ed0be6cc8bd9a65309e9c5abe2cbfff.js?body=1" for ::1 at 2016-04-07 10:20:37 -0400


Started GET "/assets/application.self-7862a8a8b42407b4741a1adeeea35f0d13ddc4f702ec532adb0674491d296495.js?body=1" for ::1 at 2016-04-07 10:20:37 -0400


Started GET "/assets/jquery_ujs.self-e87806d0cf4489aeb1bb7288016024e8de67fd18db693fe026fe3907581e53cd.js?body=1" for ::1 at 2016-04-07 10:20:37 -0400


Started GET "/assets/application.self-305314cfdd206eff1288155dc2d820c8de2c644b636ec11b0a3d6c67d14164e5.css?body=1" for ::1 at 2016-04-07 10:20:37 -0400


Started GET "/assets/welcome.self-2d79a16bb0c9557f7e9808f869f5ebf57cc8c77f1bbdf6b6ecf3f67ffaffd5be.css?body=1" for ::1 at 2016-04-07 10:20:37 -0400


Started GET "/assets/days.self-93b8955832d82dfa96b3b2b95adb3cf22d8e9e53ce5c855bbb8932030b5006b0.css?body=1" for ::1 at 2016-04-07 10:20:37 -0400


Started GET "/assets/exercises/exercises.self-33c0eb6ae7302794a4979b0071eb3c9efb5dacf3f8b803ea7233067afca9189b.js?body=1" for ::1 at 2016-04-07 10:20:37 -0400


Started GET "/assets/exercises/exercises.controller.self-98c33062deacb2fa8e4a9b2e5f091d869a0857558faa582627289a7f57749eb2.js?body=1" for ::1 at 2016-04-07 10:20:37 -0400


Started GET "/assets/exercises/exercises.factory.self-5c11dca16ff5eac5f6a2b2824ec7c5b75aba6daa5a35ed35c35f91a69c81f147.js?body=1" for ::1 at 2016-04-07 10:20:37 -0400


Started GET "/assets/days/days.self-8b8270dc53f764aefc851c65ff4a217756dd114727cce6c4f7697340c343d60c.js?body=1" for ::1 at 2016-04-07 10:20:37 -0400


Started GET "/assets/days/days.factory.self-741d6a281f1f72203419dff3b43dc124e16af992bc72991c2301740c5dcfe013.js?body=1" for ::1 at 2016-04-07 10:20:37 -0400


Started GET "/assets/days/days.controller.self-3545cf40e7843e41e6167d75c446fa942ab4f01e0a110a9c2e8a5f855436a334.js?body=1" for ::1 at 2016-04-07 10:20:37 -0400


Started GET "/assets/belly.jpg" for ::1 at 2016-04-07 10:20:38 -0400


Started GET "/exercises.json" for ::1 at 2016-04-07 10:20:38 -0400
Processing by ExercisesController#index as JSON
  [1m[36mExercise Load (0.6ms)[0m  [1mSELECT "exercises".* FROM "exercises"  ORDER BY updated_at DESC[0m
Completed 200 OK in 9ms (Views: 6.9ms | ActiveRecord: 0.6ms)


Started GET "/days.json" for ::1 at 2016-04-07 10:20:38 -0400
Processing by DaysController#index as JSON
  [1m[35mDay Load (0.6ms)[0m  SELECT "days".* FROM "days"
Completed 200 OK in 5ms (Views: 3.3ms | ActiveRecord: 0.6ms)


Started GET "/" for ::1 at 2016-04-07 10:27:52 -0400
  [1m[36mActiveRecord::SchemaMigration Load (0.5ms)[0m  [1mSELECT "schema_migrations".* FROM "schema_migrations"[0m
Processing by WelcomeController#index as HTML
  Rendered welcome/index.html.erb within layouts/application (1.3ms)
Completed 200 OK in 339ms (Views: 330.8ms | ActiveRecord: 0.0ms)


Started GET "/assets/jquery.self-660adc51e0224b731d29f575a6f1ec167ba08ad06ed5deca4f1e8654c135bf4c.js?body=1" for ::1 at 2016-04-07 10:27:53 -0400


Started GET "/assets/app.self-9f9d9516287c710c3efd08ee43c6d028b7e8d884c008d6bbeb9670702960b657.js?body=1" for ::1 at 2016-04-07 10:27:53 -0400


Started GET "/assets/application.self-305314cfdd206eff1288155dc2d820c8de2c644b636ec11b0a3d6c67d14164e5.css?body=1" for ::1 at 2016-04-07 10:27:53 -0400


Started GET "/assets/cocoon.self-6874ad698cefd21cc1119b773550f61b5c1a60396460f015222af59293affe80.js?body=1" for ::1 at 2016-04-07 10:27:53 -0400


Started GET "/assets/jquery_ujs.self-e87806d0cf4489aeb1bb7288016024e8de67fd18db693fe026fe3907581e53cd.js?body=1" for ::1 at 2016-04-07 10:27:53 -0400


Started GET "/assets/turbolinks.self-c37727e9bd6b2735da5c311aa83fead54ed0be6cc8bd9a65309e9c5abe2cbfff.js?body=1" for ::1 at 2016-04-07 10:27:53 -0400


Started GET "/assets/welcome.self-2d79a16bb0c9557f7e9808f869f5ebf57cc8c77f1bbdf6b6ecf3f67ffaffd5be.css?body=1" for ::1 at 2016-04-07 10:27:53 -0400


Started GET "/assets/application.self-7862a8a8b42407b4741a1adeeea35f0d13ddc4f702ec532adb0674491d296495.js?body=1" for ::1 at 2016-04-07 10:27:53 -0400


Started GET "/assets/exercises/exercises.self-33c0eb6ae7302794a4979b0071eb3c9efb5dacf3f8b803ea7233067afca9189b.js?body=1" for ::1 at 2016-04-07 10:27:53 -0400


Started GET "/assets/exercises/exercises.controller.self-cce9f8cb9c89761d0a53e4471171935426953d34985ffdd81d90e43941286b11.js?body=1" for ::1 at 2016-04-07 10:27:53 -0400


Started GET "/assets/days.self-93b8955832d82dfa96b3b2b95adb3cf22d8e9e53ce5c855bbb8932030b5006b0.css?body=1" for ::1 at 2016-04-07 10:27:53 -0400


Started GET "/assets/exercises/exercises.factory.self-5c11dca16ff5eac5f6a2b2824ec7c5b75aba6daa5a35ed35c35f91a69c81f147.js?body=1" for ::1 at 2016-04-07 10:27:53 -0400


Started GET "/assets/days/days.self-8b8270dc53f764aefc851c65ff4a217756dd114727cce6c4f7697340c343d60c.js?body=1" for ::1 at 2016-04-07 10:27:53 -0400


Started GET "/assets/days/days.factory.self-741d6a281f1f72203419dff3b43dc124e16af992bc72991c2301740c5dcfe013.js?body=1" for ::1 at 2016-04-07 10:27:53 -0400


Started GET "/assets/days/days.controller.self-3545cf40e7843e41e6167d75c446fa942ab4f01e0a110a9c2e8a5f855436a334.js?body=1" for ::1 at 2016-04-07 10:27:53 -0400


Started GET "/assets/belly.jpg" for ::1 at 2016-04-07 10:27:53 -0400


Started GET "/" for ::1 at 2016-04-07 10:28:15 -0400
Processing by WelcomeController#index as HTML
  Rendered welcome/index.html.erb within layouts/application (0.0ms)
Completed 200 OK in 53ms (Views: 51.5ms | ActiveRecord: 0.0ms)


Started GET "/assets/app.self-9f9d9516287c710c3efd08ee43c6d028b7e8d884c008d6bbeb9670702960b657.js?body=1" for ::1 at 2016-04-07 10:28:15 -0400


Started GET "/assets/jquery.self-660adc51e0224b731d29f575a6f1ec167ba08ad06ed5deca4f1e8654c135bf4c.js?body=1" for ::1 at 2016-04-07 10:28:15 -0400


Started GET "/assets/cocoon.self-6874ad698cefd21cc1119b773550f61b5c1a60396460f015222af59293affe80.js?body=1" for ::1 at 2016-04-07 10:28:15 -0400


Started GET "/assets/jquery_ujs.self-e87806d0cf4489aeb1bb7288016024e8de67fd18db693fe026fe3907581e53cd.js?body=1" for ::1 at 2016-04-07 10:28:15 -0400


Started GET "/assets/application.self-7862a8a8b42407b4741a1adeeea35f0d13ddc4f702ec532adb0674491d296495.js?body=1" for ::1 at 2016-04-07 10:28:15 -0400


Started GET "/assets/turbolinks.self-c37727e9bd6b2735da5c311aa83fead54ed0be6cc8bd9a65309e9c5abe2cbfff.js?body=1" for ::1 at 2016-04-07 10:28:15 -0400


Started GET "/assets/application.self-305314cfdd206eff1288155dc2d820c8de2c644b636ec11b0a3d6c67d14164e5.css?body=1" for ::1 at 2016-04-07 10:28:15 -0400


Started GET "/assets/welcome.self-2d79a16bb0c9557f7e9808f869f5ebf57cc8c77f1bbdf6b6ecf3f67ffaffd5be.css?body=1" for ::1 at 2016-04-07 10:28:15 -0400


Started GET "/assets/days.self-93b8955832d82dfa96b3b2b95adb3cf22d8e9e53ce5c855bbb8932030b5006b0.css?body=1" for ::1 at 2016-04-07 10:28:15 -0400


Started GET "/assets/exercises/exercises.self-33c0eb6ae7302794a4979b0071eb3c9efb5dacf3f8b803ea7233067afca9189b.js?body=1" for ::1 at 2016-04-07 10:28:15 -0400


Started GET "/assets/exercises/exercises.controller.self-a018a2823ad11f66303e37254ab653499d83cb9472e191e443cc31c869365781.js?body=1" for ::1 at 2016-04-07 10:28:15 -0400


Started GET "/assets/days/days.self-8b8270dc53f764aefc851c65ff4a217756dd114727cce6c4f7697340c343d60c.js?body=1" for ::1 at 2016-04-07 10:28:15 -0400


Started GET "/assets/days/days.controller.self-3545cf40e7843e41e6167d75c446fa942ab4f01e0a110a9c2e8a5f855436a334.js?body=1" for ::1 at 2016-04-07 10:28:15 -0400


Started GET "/assets/days/days.factory.self-741d6a281f1f72203419dff3b43dc124e16af992bc72991c2301740c5dcfe013.js?body=1" for ::1 at 2016-04-07 10:28:15 -0400


Started GET "/assets/exercises/exercises.factory.self-5c11dca16ff5eac5f6a2b2824ec7c5b75aba6daa5a35ed35c35f91a69c81f147.js?body=1" for ::1 at 2016-04-07 10:28:15 -0400


Started GET "/assets/belly.jpg" for ::1 at 2016-04-07 10:28:15 -0400


Started GET "/exercises.json" for ::1 at 2016-04-07 10:28:15 -0400
Processing by ExercisesController#index as JSON
  [1m[35mExercise Load (1.8ms)[0m  SELECT "exercises".* FROM "exercises"  ORDER BY updated_at DESC
Completed 200 OK in 37ms (Views: 22.9ms | ActiveRecord: 7.4ms)


Started GET "/days.json" for ::1 at 2016-04-07 10:28:16 -0400
Processing by DaysController#index as JSON
  [1m[36mDay Load (1.1ms)[0m  [1mSELECT "days".* FROM "days"[0m
Completed 200 OK in 15ms (Views: 7.5ms | ActiveRecord: 3.6ms)


Started GET "/" for ::1 at 2016-04-07 10:29:41 -0400
Processing by WelcomeController#index as HTML
  Rendered welcome/index.html.erb within layouts/application (0.0ms)
Completed 200 OK in 27ms (Views: 26.2ms | ActiveRecord: 0.0ms)


Started GET "/assets/app.self-9f9d9516287c710c3efd08ee43c6d028b7e8d884c008d6bbeb9670702960b657.js?body=1" for ::1 at 2016-04-07 10:29:41 -0400


Started GET "/assets/application.self-7862a8a8b42407b4741a1adeeea35f0d13ddc4f702ec532adb0674491d296495.js?body=1" for ::1 at 2016-04-07 10:29:41 -0400


Started GET "/assets/jquery.self-660adc51e0224b731d29f575a6f1ec167ba08ad06ed5deca4f1e8654c135bf4c.js?body=1" for ::1 at 2016-04-07 10:29:41 -0400


Started GET "/assets/jquery_ujs.self-e87806d0cf4489aeb1bb7288016024e8de67fd18db693fe026fe3907581e53cd.js?body=1" for ::1 at 2016-04-07 10:29:41 -0400


Started GET "/assets/turbolinks.self-c37727e9bd6b2735da5c311aa83fead54ed0be6cc8bd9a65309e9c5abe2cbfff.js?body=1" for ::1 at 2016-04-07 10:29:41 -0400


Started GET "/assets/cocoon.self-6874ad698cefd21cc1119b773550f61b5c1a60396460f015222af59293affe80.js?body=1" for ::1 at 2016-04-07 10:29:41 -0400


Started GET "/assets/application.self-305314cfdd206eff1288155dc2d820c8de2c644b636ec11b0a3d6c67d14164e5.css?body=1" for ::1 at 2016-04-07 10:29:41 -0400


Started GET "/assets/welcome.self-2d79a16bb0c9557f7e9808f869f5ebf57cc8c77f1bbdf6b6ecf3f67ffaffd5be.css?body=1" for ::1 at 2016-04-07 10:29:41 -0400


Started GET "/assets/days.self-93b8955832d82dfa96b3b2b95adb3cf22d8e9e53ce5c855bbb8932030b5006b0.css?body=1" for ::1 at 2016-04-07 10:29:41 -0400


Started GET "/assets/exercises/exercises.self-33c0eb6ae7302794a4979b0071eb3c9efb5dacf3f8b803ea7233067afca9189b.js?body=1" for ::1 at 2016-04-07 10:29:41 -0400


Started GET "/assets/exercises/exercises.controller.self-a018a2823ad11f66303e37254ab653499d83cb9472e191e443cc31c869365781.js?body=1" for ::1 at 2016-04-07 10:29:41 -0400


Started GET "/assets/exercises/exercises.factory.self-5c11dca16ff5eac5f6a2b2824ec7c5b75aba6daa5a35ed35c35f91a69c81f147.js?body=1" for ::1 at 2016-04-07 10:29:41 -0400


Started GET "/assets/days/days.self-8b8270dc53f764aefc851c65ff4a217756dd114727cce6c4f7697340c343d60c.js?body=1" for ::1 at 2016-04-07 10:29:41 -0400


Started GET "/assets/days/days.factory.self-741d6a281f1f72203419dff3b43dc124e16af992bc72991c2301740c5dcfe013.js?body=1" for ::1 at 2016-04-07 10:29:41 -0400


Started GET "/assets/days/days.controller.self-3545cf40e7843e41e6167d75c446fa942ab4f01e0a110a9c2e8a5f855436a334.js?body=1" for ::1 at 2016-04-07 10:29:41 -0400


Started GET "/assets/belly.jpg" for ::1 at 2016-04-07 10:29:41 -0400


Started GET "/exercises.json" for ::1 at 2016-04-07 10:29:41 -0400
Processing by ExercisesController#index as JSON
  [1m[35mExercise Load (0.6ms)[0m  SELECT "exercises".* FROM "exercises"  ORDER BY updated_at DESC
Completed 200 OK in 14ms (Views: 8.4ms | ActiveRecord: 0.6ms)


Started GET "/days.json" for ::1 at 2016-04-07 10:29:41 -0400
Processing by DaysController#index as JSON
  [1m[36mDay Load (0.5ms)[0m  [1mSELECT "days".* FROM "days"[0m
Completed 200 OK in 5ms (Views: 2.9ms | ActiveRecord: 0.5ms)
